<?xml version="1.0" encoding="UTF-8"?>
<!-- Generated by org.testng.reporters.JUnitReportReporter -->
<testsuite hostname="BhushanDhamange" failures="0" tests="6" name="api.test.DDTests" time="6.782" errors="0" timestamp="2024-10-09T20:13:31 IST" skipped="0">
  <testcase classname="api.test.DDTests" name="testPostUser" time="1.113"/>
  <testcase classname="api.test.DDTests" name="testPostUser" time="1.175"/>
  <testcase classname="api.test.DDTests" name="testPostUser" time="1.096"/>
  <testcase classname="api.test.DDTests" name="testDeletUserByName" time="1.122"/>
  <testcase classname="api.test.DDTests" name="testDeletUserByName" time="1.125"/>
  <testcase classname="api.test.DDTests" name="testDeletUserByName" time="1.151"/>
</testsuite> <!-- api.test.DDTests -->
