<?xml version="1.0" encoding="UTF-8"?>
<!-- Generated by org.testng.reporters.JUnitReportReporter -->
<testsuite hostname="BhushanDhamange" failures="0" tests="4" name="api.test.UserTests" time="6.802" errors="0" timestamp="2024-10-09T21:28:50 IST" skipped="0">
  <testcase classname="api.test.UserTests" name="testPostUser" time="3.279"/>
  <testcase classname="api.test.UserTests" name="testGetUserByName" time="1.197"/>
  <testcase classname="api.test.UserTests" name="testUpdateUserByName" time="1.191"/>
  <testcase classname="api.test.UserTests" name="testDeleteUserByName" time="1.135"/>
</testsuite> <!-- api.test.UserTests -->
