<?xml version="1.0" encoding="UTF-8"?>
<!-- Generated by org.testng.reporters.JUnitReportReporter -->
<testsuite hostname="BhushanDhamange" failures="0" tests="4" name="api.test.UserTests" time="8.199" errors="0" timestamp="2024-10-10T00:11:40 IST" skipped="0">
  <testcase classname="api.test.UserTests" name="testPostUser" time="3.714"/>
  <testcase classname="api.test.UserTests" name="testGetUserByName" time="1.527"/>
  <testcase classname="api.test.UserTests" name="testUpdateUserByName" time="1.427"/>
  <testcase classname="api.test.UserTests" name="testDeleteUserByName" time="1.531"/>
</testsuite> <!-- api.test.UserTests -->
